
+++++++ Waiting for new connection ++++++++

POST body: NoWISMmFpD1wroSxf2QwenzXiJ4A5TYgsFiUpHena+ZwwOLzjfO9lkOCfi4jPRJi8sEdbDCEDEyBbdgbumS0ansIma9BfnFM3rByD69xAyL0DsD03C4P/BGyXk+HY0VXo+g1unTEnkaOMzv+yQ5gqmMm/j8BKDGqZH3QMcYIWyd6nXPPU9wbgt6tTOXw3dnCaLEBCKLkSgtwwV0dZP8TbArD0ZGqarxhKYXc03tt2yH5viWw26xJJZINJzXQnvnv4hbtJwIy2Dj+H7jqsKXT2HOmTYJ43duYJQkvFZPBLBjEV22c0Kfbx9oIrX9TtkaydGHoRJ5V+GSu4v32d63GMmbQyhe8qgqSrMb2A==
register_count 4
register_count 4
ret 1
ret value = { "tag": "response", "value": "yes"  }
+++++++ Waiting for new connection ++++++++

POST body: jb6C0eivFxLB6ZoqsqJcOYaSXK95kmtyqdvfw+CJUzdULSc6Ara0v8bMfvEC/GO23bpqJhWH24f8r1BuDR7UNPYLDNr4+DUlXs69YfM/PUhdzw49YcdD/FNZ4KfpUr02n9PV9u1pLywLqxKoFKJtRMdCI1S3hArdalVWsTZeNsj+/9iOU4LbS6srWPXzfjg7R7uDvXrJX//6Xzu+ear2aVDlf7tW5hpQuDOLj6oggLIAPvSUTrUi0tJO2bexOaICHqbbDmf6Z/C6pooEJBNUluOr4xPqKBHIyC5zHSvNjN6bFi2KkuB0VEYT9EOaJHixtHSSTdxeAgIKuACa/cnKfgpEgqdOl9oooE2Ew==
register_count 0
invalid count { "tag": "response", "value": "no", "reason": "invalid count" }
+++++++ Waiting for new connection ++++++++

POST body: jb6C0eivFxLB6ZoqsqJcOYaSXK95kmtyqdvfw+CJUzdULSc6Ara0v8bMfvEC/GO23bpqJhWH24f8r1BuDR7UNPYLDNr4+DUlXs69YfM/PUhdzw49YcdD/FNZ4KfpUr02n9PV9u1pLywLqxKoFKJtRMdCI1S3hArdalVWsTZeNsj+/9iOU4LbS6srWPXzfjg7R7uDvXrJX//6Xzu+ear2aVDlf7tW5hpQuDOLj6oggLIAPvSUTrUi0tJO2bexOaICHqbbDmf6Z/C6pooEJBNUluOr4xPqKBHIyC5zHSvNjN6bFi2KkuB0VEYT9EOaJHixtHSSTdxeAgIKuACa/cnKfgpEgqdOl9oooE2Ew==
register_count 0
invalid count { "tag": "response", "value": "no", "reason": "invalid count" }
+++++++ Waiting for new connection ++++++++

POST body: jb6C0eivFxLB6ZoqsqJcOYaSXK95kmtyqdvfw+CJUzdULSc6Ara0v8bMfvEC/GO23bpqJhWH24f8r1BuDR7UNPYLDNr4+DUlXs69YfM/PUhdzw49YcdD/FNZ4KfpUr02n9PV9u1pLywLqxKoFKJtRMdCI1S3hArdalVWsTZeNsj+/9iOU4LbS6srWPXzfjg7R7uDvXrJX//6Xzu+ear2aVDlf7tW5hpQuDOLj6oggLIAPvSUTrUi0tJO2bexOaICHqbbDmf6Z/C6pooEJBNUluOr4xPqKBHIyC5zHSvNjN6bFi2KkuB0VEYT9EOaJHixtHSSTdxeAgIKuACa/cnKfgpEgqdOl9oooE2Ew==
register_count 0
invalid count { "tag": "response", "value": "no", "reason": "invalid count" }
+++++++ Waiting for new connection ++++++++

POST body: jb6C0eivFxLB6ZoqsqJcOYaSXK95kmtyqdvfw+CJUzdULSc6Ara0v8bMfvEC/GO23bpqJhWH24f8r1BuDR7UNPYLDNr4+DUlXs69YfM/PUhdzw49YcdD/FNZ4KfpUr02n9PV9u1pLywLqxKoFKJtRMdCI1S3hArdalVWsTZeNsj+/9iOU4LbS6srWPXzfjg7R7uDvXrJX//6Xzu+ear2aVDlf7tW5hpQuDOLj6oggLIAPvSUTrUi0tJO2bexOaICHqbbDmf6Z/C6pooEJBNUluOr4xPqKBHIyC5zHSvNjN6bFi2KkuB0VEYT9EOaJHixtHSSTdxeAgIKuACa/cnKfgpEgqdOl9oooE2Ew==
register_count 0
invalid count { "tag": "response", "value": "no", "reason": "invalid count" }
+++++++ Waiting for new connection ++++++++

POST body: jb6C0eivFxLB6ZoqsqJcOYaSXK95kmtyqdvfw+CJUzdULSc6Ara0v8bMfvEC/GO23bpqJhWH24f8r1BuDR7UNPYLDNr4+DUlXs69YfM/PUhdzw49YcdD/FNZ4KfpUr02n9PV9u1pLywLqxKoFKJtRMdCI1S3hArdalVWsTZeNsj+/9iOU4LbS6srWPXzfjg7R7uDvXrJX//6Xzu+ear2aVDlf7tW5hpQuDOLj6oggLIAPvSUTrUi0tJO2bexOaICHqbbDmf6Z/C6pooEJBNUluOr4xPqKBHIyC5zHSvNjN6bFi2KkuB0VEYT9EOaJHixtHSSTdxeAgIKuACa/cnKfgpEgqdOl9oooE2Ew==
register_count 0
invalid count { "tag": "response", "value": "no", "reason": "invalid count" }
+++++++ Waiting for new connection ++++++++

POST body: jb6C0eivFxLB6ZoqsqJcOYaSXK95kmtyqdvfw+CJUzdULSc6Ara0v8bMfvEC/GO23bpqJhWH24f8r1BuDR7UNPYLDNr4+DUlXs69YfM/PUhdzw49YcdD/FNZ4KfpUr02n9PV9u1pLywLqxKoFKJtRMdCI1S3hArdalVWsTZeNsj+/9iOU4LbS6srWPXzfjg7R7uDvXrJX//6Xzu+ear2aVDlf7tW5hpQuDOLj6oggLIAPvSUTrUi0tJO2bexOaICHqbbDmf6Z/C6pooEJBNUluOr4xPqKBHIyC5zHSvNjN6bFi2KkuB0VEYT9EOaJHixtHSSTdxeAgIKuACa/cnKfgpEgqdOl9oooE2Ew==
register_count 0
invalid count { "tag": "response", "value": "no", "reason": "invalid count" }
+++++++ Waiting for new connection ++++++++

POST body: jb6C0eivFxLB6ZoqsqJcOYaSXK95kmtyqdvfw+CJUzdULSc6Ara0v8bMfvEC/GO23bpqJhWH24f8r1BuDR7UNPYLDNr4+DUlXs69YfM/PUhdzw49YcdD/FNZ4KfpUr02n9PV9u1pLywLqxKoFKJtRMdCI1S3hArdalVWsTZeNsj+/9iOU4LbS6srWPXzfjg7R7uDvXrJX//6Xzu+ear2aVDlf7tW5hpQuDOLj6oggLIAPvSUTrUi0tJO2bexOaICHqbbDmf6Z/C6pooEJBNUluOr4xPqKBHIyC5zHSvNjN6bFi2KkuB0VEYT9EOaJHixtHSSTdxeAgIKuACa/cnKfgpEgqdOl9oooE2Ew==
register_count 0
invalid count { "tag": "response", "value": "no", "reason": "invalid count" }
+++++++ Waiting for new connection ++++++++

POST body: jb6C0eivFxLB6ZoqsqJcOYaSXK95kmtyqdvfw+CJUzdULSc6Ara0v8bMfvEC/GO23bpqJhWH24f8r1BuDR7UNPYLDNr4+DUlXs69YfM/PUhdzw49YcdD/FNZ4KfpUr02n9PV9u1pLywLqxKoFKJtRMdCI1S3hArdalVWsTZeNsj+/9iOU4LbS6srWPXzfjg7R7uDvXrJX//6Xzu+ear2aVDlf7tW5hpQuDOLj6oggLIAPvSUTrUi0tJO2bexOaICHqbbDmf6Z/C6pooEJBNUluOr4xPqKBHIyC5zHSvNjN6bFi2KkuB0VEYT9EOaJHixtHSSTdxeAgIKuACa/cnKfgpEgqdOl9oooE2Ew==
register_count 0
invalid count { "tag": "response", "value": "no", "reason": "invalid count" }
+++++++ Waiting for new connection ++++++++

POST body: jb6C0eivFxLB6ZoqsqJcOYaSXK95kmtyqdvfw+CJUzdULSc6Ara0v8bMfvEC/GO23bpqJhWH24f8r1BuDR7UNPYLDNr4+DUlXs69YfM/PUhdzw49YcdD/FNZ4KfpUr02n9PV9u1pLywLqxKoFKJtRMdCI1S3hArdalVWsTZeNsj+/9iOU4LbS6srWPXzfjg7R7uDvXrJX//6Xzu+ear2aVDlf7tW5hpQuDOLj6oggLIAPvSUTrUi0tJO2bexOaICHqbbDmf6Z/C6pooEJBNUluOr4xPqKBHIyC5zHSvNjN6bFi2KkuB0VEYT9EOaJHixtHSSTdxeAgIKuACa/cnKfgpEgqdOl9oooE2Ew==
register_count 0
invalid count { "tag": "response", "value": "no", "reason": "invalid count" }
+++++++ Waiting for new connection ++++++++

POST body: jb6C0eivFxLB6ZoqsqJcOYaSXK95kmtyqdvfw+CJUzdULSc6Ara0v8bMfvEC/GO23bpqJhWH24f8r1BuDR7UNPYLDNr4+DUlXs69YfM/PUhdzw49YcdD/FNZ4KfpUr02n9PV9u1pLywLqxKoFKJtRMdCI1S3hArdalVWsTZeNsj+/9iOU4LbS6srWPXzfjg7R7uDvXrJX//6Xzu+ear2aVDlf7tW5hpQuDOLj6oggLIAPvSUTrUi0tJO2bexOaICHqbbDmf6Z/C6pooEJBNUluOr4xPqKBHIyC5zHSvNjN6bFi2KkuB0VEYT9EOaJHixtHSSTdxeAgIKuACa/cnKfgpEgqdOl9oooE2Ew==
register_count 0
invalid count { "tag": "response", "value": "no", "reason": "invalid count" }
+++++++ Waiting for new connection ++++++++

POST body: jb6C0eivFxLB6ZoqsqJcOYaSXK95kmtyqdvfw+CJUzdULSc6Ara0v8bMfvEC/GO23bpqJhWH24f8r1BuDR7UNPYLDNr4+DUlXs69YfM/PUhdzw49YcdD/FNZ4KfpUr02n9PV9u1pLywLqxKoFKJtRMdCI1S3hArdalVWsTZeNsj+/9iOU4LbS6srWPXzfjg7R7uDvXrJX//6Xzu+ear2aVDlf7tW5hpQuDOLj6oggLIAPvSUTrUi0tJO2bexOaICHqbbDmf6Z/C6pooEJBNUluOr4xPqKBHIyC5zHSvNjN6bFi2KkuB0VEYT9EOaJHixtHSSTdxeAgIKuACa/cnKfgpEgqdOl9oooE2Ew==
register_count 0
invalid count { "tag": "response", "value": "no", "reason": "invalid count" }
+++++++ Waiting for new connection ++++++++

POST body: jb6C0eivFxLB6ZoqsqJcOYaSXK95kmtyqdvfw+CJUzdULSc6Ara0v8bMfvEC/GO23bpqJhWH24f8r1BuDR7UNPYLDNr4+DUlXs69YfM/PUhdzw49YcdD/FNZ4KfpUr02n9PV9u1pLywLqxKoFKJtRMdCI1S3hArdalVWsTZeNsj+/9iOU4LbS6srWPXzfjg7R7uDvXrJX//6Xzu+ear2aVDlf7tW5hpQuDOLj6oggLIAPvSUTrUi0tJO2bexOaICHqbbDmf6Z/C6pooEJBNUluOr4xPqKBHIyC5zHSvNjN6bFi2KkuB0VEYT9EOaJHixtHSSTdxeAgIKuACa/cnKfgpEgqdOl9oooE2Ew==
register_count 0
invalid count { "tag": "response", "value": "no", "reason": "invalid count" }
+++++++ Waiting for new connection ++++++++

POST body: jb6C0eivFxLB6ZoqsqJcOYaSXK95kmtyqdvfw+CJUzdULSc6Ara0v8bMfvEC/GO23bpqJhWH24f8r1BuDR7UNPYLDNr4+DUlXs69YfM/PUhdzw49YcdD/FNZ4KfpUr02n9PV9u1pLywLqxKoFKJtRMdCI1S3hArdalVWsTZeNsj+/9iOU4LbS6srWPXzfjg7R7uDvXrJX//6Xzu+ear2aVDlf7tW5hpQuDOLj6oggLIAPvSUTrUi0tJO2bexOaICHqbbDmf6Z/C6pooEJBNUluOr4xPqKBHIyC5zHSvNjN6bFi2KkuB0VEYT9EOaJHixtHSSTdxeAgIKuACa/cnKfgpEgqdOl9oooE2Ew==
register_count 0
invalid count { "tag": "response", "value": "no", "reason": "invalid count" }
+++++++ Waiting for new connection ++++++++

POST body: jb6C0eivFxLB6ZoqsqJcOYaSXK95kmtyqdvfw+CJUzdULSc6Ara0v8bMfvEC/GO23bpqJhWH24f8r1BuDR7UNPYLDNr4+DUlXs69YfM/PUhdzw49YcdD/FNZ4KfpUr02n9PV9u1pLywLqxKoFKJtRMdCI1S3hArdalVWsTZeNsj+/9iOU4LbS6srWPXzfjg7R7uDvXrJX//6Xzu+ear2aVDlf7tW5hpQuDOLj6oggLIAPvSUTrUi0tJO2bexOaICHqbbDmf6Z/C6pooEJBNUluOr4xPqKBHIyC5zHSvNjN6bFi2KkuB0VEYT9EOaJHixtHSSTdxeAgIKuACa/cnKfgpEgqdOl9oooE2Ew==
register_count 0
invalid count { "tag": "response", "value": "no", "reason": "invalid count" }
+++++++ Waiting for new connection ++++++++

POST body: jb6C0eivFxLB6ZoqsqJcOYaSXK95kmtyqdvfw+CJUzdULSc6Ara0v8bMfvEC/GO23bpqJhWH24f8r1BuDR7UNPYLDNr4+DUlXs69YfM/PUhdzw49YcdD/FNZ4KfpUr02n9PV9u1pLywLqxKoFKJtRMdCI1S3hArdalVWsTZeNsj+/9iOU4LbS6srWPXzfjg7R7uDvXrJX//6Xzu+ear2aVDlf7tW5hpQuDOLj6oggLIAPvSUTrUi0tJO2bexOaICHqbbDmf6Z/C6pooEJBNUluOr4xPqKBHIyC5zHSvNjN6bFi2KkuB0VEYT9EOaJHixtHSSTdxeAgIKuACa/cnKfgpEgqdOl9oooE2Ew==
register_count 0
invalid count { "tag": "response", "value": "no", "reason": "invalid count" }
+++++++ Waiting for new connection ++++++++

POST body: jb6C0eivFxLB6ZoqsqJcOYaSXK95kmtyqdvfw+CJUzdULSc6Ara0v8bMfvEC/GO23bpqJhWH24f8r1BuDR7UNPYLDNr4+DUlXs69YfM/PUhdzw49YcdD/FNZ4KfpUr02n9PV9u1pLywLqxKoFKJtRMdCI1S3hArdalVWsTZeNsj+/9iOU4LbS6srWPXzfjg7R7uDvXrJX//6Xzu+ear2aVDlf7tW5hpQuDOLj6oggLIAPvSUTrUi0tJO2bexOaICHqbbDmf6Z/C6pooEJBNUluOr4xPqKBHIyC5zHSvNjN6bFi2KkuB0VEYT9EOaJHixtHSSTdxeAgIKuACa/cnKfgpEgqdOl9oooE2Ew==
register_count 0
invalid count { "tag": "response", "value": "no", "reason": "invalid count" }
+++++++ Waiting for new connection ++++++++

POST body: jb6C0eivFxLB6ZoqsqJcOYaSXK95kmtyqdvfw+CJUzdULSc6Ara0v8bMfvEC/GO23bpqJhWH24f8r1BuDR7UNPYLDNr4+DUlXs69YfM/PUhdzw49YcdD/FNZ4KfpUr02n9PV9u1pLywLqxKoFKJtRMdCI1S3hArdalVWsTZeNsj+/9iOU4LbS6srWPXzfjg7R7uDvXrJX//6Xzu+ear2aVDlf7tW5hpQuDOLj6oggLIAPvSUTrUi0tJO2bexOaICHqbbDmf6Z/C6pooEJBNUluOr4xPqKBHIyC5zHSvNjN6bFi2KkuB0VEYT9EOaJHixtHSSTdxeAgIKuACa/cnKfgpEgqdOl9oooE2Ew==
register_count 0
invalid count { "tag": "response", "value": "no", "reason": "invalid count" }
+++++++ Waiting for new connection ++++++++

POST body: jb6C0eivFxLB6ZoqsqJcOYaSXK95kmtyqdvfw+CJUzdULSc6Ara0v8bMfvEC/GO23bpqJhWH24f8r1BuDR7UNPYLDNr4+DUlXs69YfM/PUhdzw49YcdD/FNZ4KfpUr02n9PV9u1pLywLqxKoFKJtRMdCI1S3hArdalVWsTZeNsj+/9iOU4LbS6srWPXzfjg7R7uDvXrJX//6Xzu+ear2aVDlf7tW5hpQuDOLj6oggLIAPvSUTrUi0tJO2bexOaICHqbbDmf6Z/C6pooEJBNUluOr4xPqKBHIyC5zHSvNjN6bFi2KkuB0VEYT9EOaJHixtHSSTdxeAgIKuACa/cnKfgpEgqdOl9oooE2Ew==
register_count 0
invalid count { "tag": "response", "value": "no", "reason": "invalid count" }
+++++++ Waiting for new connection ++++++++

POST body: jb6C0eivFxLB6ZoqsqJcOYaSXK95kmtyqdvfw+CJUzdULSc6Ara0v8bMfvEC/GO23bpqJhWH24f8r1BuDR7UNPYLDNr4+DUlXs69YfM/PUhdzw49YcdD/FNZ4KfpUr02n9PV9u1pLywLqxKoFKJtRMdCI1S3hArdalVWsTZeNsj+/9iOU4LbS6srWPXzfjg7R7uDvXrJX//6Xzu+ear2aVDlf7tW5hpQuDOLj6oggLIAPvSUTrUi0tJO2bexOaICHqbbDmf6Z/C6pooEJBNUluOr4xPqKBHIyC5zHSvNjN6bFi2KkuB0VEYT9EOaJHixtHSSTdxeAgIKuACa/cnKfgpEgqdOl9oooE2Ew==
register_count 0
invalid count { "tag": "response", "value": "no", "reason": "invalid count" }
+++++++ Waiting for new connection ++++++++

POST body: jb6C0eivFxLB6ZoqsqJcOYaSXK95kmtyqdvfw+CJUzdULSc6Ara0v8bMfvEC/GO23bpqJhWH24f8r1BuDR7UNPYLDNr4+DUlXs69YfM/PUhdzw49YcdD/FNZ4KfpUr02n9PV9u1pLywLqxKoFKJtRMdCI1S3hArdalVWsTZeNsj+/9iOU4LbS6srWPXzfjg7R7uDvXrJX//6Xzu+ear2aVDlf7tW5hpQuDOLj6oggLIAPvSUTrUi0tJO2bexOaICHqbbDmf6Z/C6pooEJBNUluOr4xPqKBHIyC5zHSvNjN6bFi2KkuB0VEYT9EOaJHixtHSSTdxeAgIKuACa/cnKfgpEgqdOl9oooE2Ew==
register_count 0
invalid count { "tag": "response", "value": "no", "reason": "invalid count" }
+++++++ Waiting for new connection ++++++++

POST body: jb6C0eivFxLB6ZoqsqJcOYaSXK95kmtyqdvfw+CJUzdULSc6Ara0v8bMfvEC/GO23bpqJhWH24f8r1BuDR7UNPYLDNr4+DUlXs69YfM/PUhdzw49YcdD/FNZ4KfpUr02n9PV9u1pLywLqxKoFKJtRMdCI1S3hArdalVWsTZeNsj+/9iOU4LbS6srWPXzfjg7R7uDvXrJX//6Xzu+ear2aVDlf7tW5hpQuDOLj6oggLIAPvSUTrUi0tJO2bexOaICHqbbDmf6Z/C6pooEJBNUluOr4xPqKBHIyC5zHSvNjN6bFi2KkuB0VEYT9EOaJHixtHSSTdxeAgIKuACa/cnKfgpEgqdOl9oooE2Ew==
register_count 0
invalid count { "tag": "response", "value": "no", "reason": "invalid count" }
+++++++ Waiting for new connection ++++++++

POST body: jb6C0eivFxLB6ZoqsqJcOYaSXK95kmtyqdvfw+CJUzdULSc6Ara0v8bMfvEC/GO23bpqJhWH24f8r1BuDR7UNPYLDNr4+DUlXs69YfM/PUhdzw49YcdD/FNZ4KfpUr02n9PV9u1pLywLqxKoFKJtRMdCI1S3hArdalVWsTZeNsj+/9iOU4LbS6srWPXzfjg7R7uDvXrJX//6Xzu+ear2aVDlf7tW5hpQuDOLj6oggLIAPvSUTrUi0tJO2bexOaICHqbbDmf6Z/C6pooEJBNUluOr4xPqKBHIyC5zHSvNjN6bFi2KkuB0VEYT9EOaJHixtHSSTdxeAgIKuACa/cnKfgpEgqdOl9oooE2Ew==
register_count 0
invalid count { "tag": "response", "value": "no", "reason": "invalid count" }
+++++++ Waiting for new connection ++++++++

POST body: NoWISMmFpD1wroSxf2QwenzXiJ4A5TYgsFiUpHena+ZwwOLzjfO9lkOCfi4jPRJi8sEdbDCEDEyBbdgbumS0ansIma9BfnFM3rByD69xAyL0DsD03C4P/BGyXk+HY0VXo+g1unTEnkaOMzv+yQ5gqmMm/j8BKDGqZH3QMcYIWyd6nXPPU9wbgt6tTOXw3dnCaLEBCKLkSgtwwV0dZP8TbArD0ZGqarxhKYXc03tt2yH5viWw26xJJZINJzXQnvnv4hbtJwIy2Dj+H7jqsKXT2HOmTYJ43duYJQkvFZPBLBjEV22c0Kfbx9oIrX9TtkaydGHoRJ5V+GSu4v32d63GMmbQyhe8qgqSrMb2A==
register_count 3
register_count 3
ret 1
ret value = { "tag": "response", "value": "yes"  }
+++++++ Waiting for new connection ++++++++

POST body: NoWISMmFpD1wroSxf2QwenzXiJ4A5TYgsFiUpHena+ZwwOLzjfO9lkOCfi4jPRJi8sEdbDCEDEyBbdgbumS0ansIma9BfnFM3rByD69xAyL0DsD03C4P/BGyXk+HY0VXo+g1unTEnkaOMzv+yQ5gqmMm/j8BKDGqZH3QMcYIWyd6nXPPU9wbgt6tTOXw3dnCaLEBCKLkSgtwwV0dZP8TbArD0ZGqarxhKYXc03tt2yH5viWw26xJJZINJzXQnvnv4hbtJwIy2Dj+H7jqsKXT2HOmTYJ43duYJQkvFZPBLBjEV22c0Kfbx9oIrX9TtkaydGHoRJ5V+GSu4v32d63GMmbQyhe8qgqSrMb2A==
register_count 2
register_count 2
ret 1
ret value = { "tag": "response", "value": "yes"  }
+++++++ Waiting for new connection ++++++++

POST body: NoWISMmFpD1wroSxf2QwenzXiJ4A5TYgsFiUpHena+ZwwOLzjfO9lkOCfi4jPRJi8sEdbDCEDEyBbdgbumS0ansIma9BfnFM3rByD69xAyL0DsD03C4P/BGyXk+HY0VXo+g1unTEnkaOMzv+yQ5gqmMm/j8BKDGqZH3QMcYIWyd6nXPPU9wbgt6tTOXw3dnCaLEBCKLkSgtwwV0dZP8TbArD0ZGqarxhKYXc03tt2yH5viWw26xJJZINJzXQnvnv4hbtJwIy2Dj+H7jqsKXT2HOmTYJ43duYJQkvFZPBLBjEV22c0Kfbx9oIrX9TtkaydGHoRJ5V+GSu4v32d63GMmbQyhe8qgqSrMb2A==
register_count 1
register_count 1
ret 1
ret value = { "tag": "response", "value": "yes"  }
+++++++ Waiting for new connection ++++++++

POST body: NoWISMmFpD1wroSxf2QwenzXiJ4A5TYgsFiUpHena+ZwwOLzjfO9lkOCfi4jPRJi8sEdbDCEDEyBbdgbumS0ansIma9BfnFM3rByD69xAyL0DsD03C4P/BGyXk+HY0VXo+g1unTEnkaOMzv+yQ5gqmMm/j8BKDGqZH3QMcYIWyd6nXPPU9wbgt6tTOXw3dnCaLEBCKLkSgtwwV0dZP8TbArD0ZGqarxhKYXc03tt2yH5viWw26xJJZINJzXQnvnv4hbtJwIy2Dj+H7jqsKXT2HOmTYJ43duYJQkvFZPBLBjEV22c0Kfbx9oIrX9TtkaydGHoRJ5V+GSu4v32d63GMmbQyhe8qgqSrMb2A==
register_count 0
invalid count { "tag": "response", "value": "no", "reason": "invalid count" }
+++++++ Waiting for new connection ++++++++

POST body: NoWISMmFpD1wroSxf2QwenzXiJ4A5TYgsFiUpHena+ZwwOLzjfO9lkOCfi4jPRJi8sEdbDCEDEyBbdgbumS0ansIma9BfnFM3rByD69xAyL0DsD03C4P/BGyXk+HY0VXo+g1unTEnkaOMzv+yQ5gqmMm/j8BKDGqZH3QMcYIWyd6nXPPU9wbgt6tTOXw3dnCaLEBCKLkSgtwwV0dZP8TbArD0ZGqarxhKYXc03tt2yH5viWw26xJJZINJzXQnvnv4hbtJwIy2Dj+H7jqsKXT2HOmTYJ43duYJQkvFZPBLBjEV22c0Kfbx9oIrX9TtkaydGHoRJ5V+GSu4v32d63GMmbQyhe8qgqSrMb2A==
register_count 0
invalid count { "tag": "response", "value": "no", "reason": "invalid count" }
+++++++ Waiting for new connection ++++++++

POST body: NoWISMmFpD1wroSxf2QwenzXiJ4A5TYgsFiUpHena+ZwwOLzjfO9lkOCfi4jPRJi8sEdbDCEDEyBbdgbumS0ansIma9BfnFM3rByD69xAyL0DsD03C4P/BGyXk+HY0VXo+g1unTEnkaOMzv+yQ5gqmMm/j8BKDGqZH3QMcYIWyd6nXPPU9wbgt6tTOXw3dnCaLEBCKLkSgtwwV0dZP8TbArD0ZGqarxhKYXc03tt2yH5viWw26xJJZINJzXQnvnv4hbtJwIy2Dj+H7jqsKXT2HOmTYJ43duYJQkvFZPBLBjEV22c0Kfbx9oIrX9TtkaydGHoRJ5V+GSu4v32d63GMmbQyhe8qgqSrMb2A==
register_count 0
invalid count { "tag": "response", "value": "no", "reason": "invalid count" }
+++++++ Waiting for new connection ++++++++

POST body: NoWISMmFpD1wroSxf2QwenzXiJ4A5TYgsFiUpHena+ZwwOLzjfO9lkOCfi4jPRJi8sEdbDCEDEyBbdgbumS0ansIma9BfnFM3rByD69xAyL0DsD03C4P/BGyXk+HY0VXo+g1unTEnkaOMzv+yQ5gqmMm/j8BKDGqZH3QMcYIWyd6nXPPU9wbgt6tTOXw3dnCaLEBCKLkSgtwwV0dZP8TbArD0ZGqarxhKYXc03tt2yH5viWw26xJJZINJzXQnvnv4hbtJwIy2Dj+H7jqsKXT2HOmTYJ43duYJQkvFZPBLBjEV22c0Kfbx9oIrX9TtkaydGHoRJ5V+GSu4v32d63GMmbQyhe8qgqSrMb2A==
register_count 0
invalid count { "tag": "response", "value": "no", "reason": "invalid count" }
+++++++ Waiting for new connection ++++++++

POST body: NoWISMmFpD1wroSxf2QwenzXiJ4A5TYgsFiUpHena+ZwwOLzjfO9lkOCfi4jPRJi8sEdbDCEDEyBbdgbumS0ansIma9BfnFM3rByD69xAyL0DsD03C4P/BGyXk+HY0VXo+g1unTEnkaOMzv+yQ5gqmMm/j8BKDGqZH3QMcYIWyd6nXPPU9wbgt6tTOXw3dnCaLEBCKLkSgtwwV0dZP8TbArD0ZGqarxhKYXc03tt2yH5viWw26xJJZINJzXQnvnv4hbtJwIy2Dj+H7jqsKXT2HOmTYJ43duYJQkvFZPBLBjEV22c0Kfbx9oIrX9TtkaydGHoRJ5V+GSu4v32d63GMmbQyhe8qgqSrMb2A==
register_count 0
invalid count { "tag": "response", "value": "no", "reason": "invalid count" }
+++++++ Waiting for new connection ++++++++

POST body: HFeThqAjrR+zy4z8aGZibVb67CMesP6ASDsmuEOyATNzp3KNNgS7adwnbKx/pAkjYsckxU2R0SBP4iwVfXhWRz3Xc6nuNXK6A7MAyN2tk99hnKN27CoXVW+WCptW1++dO7/d2TemgZmnPH/Pix+cAAZraSwQS3WpCcph4DZZJbPpBk1wUjNPBSIf48/YJByg+InKB2UYFFtiFdouun2ci7u281gZR+0Bb5tsVpUjm9VMy1WWsm4FYr5kSBfcnsZq1+qkyRiiWbV8+iPPBIncKxOu3YE9bgY+gv7fM/ognLU5ibb6TYOFB82jFx3uftb7PACl1b4n9w3K+2t71fyPCIs02x0UKkjbHFccA==
ret value = { "tag": "response", "value": "yes"  }
+++++++ Waiting for new connection ++++++++

POST body: HFeThqAjrR+zy4z8aGZibVb67CMesP6ASDsmuEOyATNzp3KNNgS7adwnbKx/pAkjYsckxU2R0SBP4iwVfXhWRz3Xc6nuNXK6A7MAyN2tk99hnKN27CoXVW+WCptW1++dO7/d2TemgZmnPH/Pix+cAAZraSwQS3WpCcph4DZZJbPpBk1wUjNPBSIf48/YJByg+InKB2UYFFtiFdouun2ci7u281gZR+0Bb5tsVpUjm9VMy1WWsm4FYr5kSBfcnsZq1+qkyRiiWbV8+iPPBIncKxOu3YE9bgY+gv7fM/ognLU5ibb6TYOFB82jFx3uftb7PACl1b4n9w3K+2t71fyPCIs02x0UKkjbHFccA==

+++++++ Waiting for new connection ++++++++

POST body: vh8XZY0JxHO74L6OcKjf7EOx4kilWIo4eZ0ZZV8zPSjd1t5l/XQHs1cTeHtVQKAwNxtSjS0pDkQItDHIi7EaM+q9Z/10ctB4CzlYJd80NPbM8uQggGThAmfbgXVf+rcbfVPS3NbBtSQW6zA0kT1T8TWBEUUL0oj1ianvh2jeNmox7U5uTFI3CU+qqCOy6C2giEYWAK46pnU3C4v18IVi9W/7m0pM7RJXVLcTSoXPGAZmaOtnwzF32bpBp0D2e4WSR5eygwskXlMTqK4K5TSGMjzgz5FppXKVhVdxdA5MDZXuBNM5cifjMitMdojdZWrM/wo6JKTkRXbzHtKNq92J2qmywReEqejAL8ZdQ==
ret value = { "tag": "response", "value": "yes"  }
+++++++ Waiting for new connection ++++++++

POST body: vh8XZY0JxHO74L6OcKjf7EOx4kilWIo4eZ0ZZV8zPSjd1t5l/XQHs1cTeHtVQKAwNxtSjS0pDkQItDHIi7EaM+q9Z/10ctB4CzlYJd80NPbM8uQggGThAmfbgXVf+rcbfVPS3NbBtSQW6zA0kT1T8TWBEUUL0oj1ianvh2jeNmox7U5uTFI3CU+qqCOy6C2giEYWAK46pnU3C4v18IVi9W/7m0pM7RJXVLcTSoXPGAZmaOtnwzF32bpBp0D2e4WSR5eygwskXlMTqK4K5TSGMjzgz5FppXKVhVdxdA5MDZXuBNM5cifjMitMdojdZWrM/wo6JKTkRXbzHtKNq92J2qmywReEqejAL8ZdQ==
register_count 5
register_count 5
ret 1
ret value = { "tag": "response", "value": "yes"  }
+++++++ Waiting for new connection ++++++++

POST body: vh8XZY0JxHO74L6OcKjf7EOx4kilWIo4eZ0ZZV8zPSjd1t5l/XQHs1cTeHtVQKAwNxtSjS0pDkQItDHIi7EaM+q9Z/10ctB4CzlYJd80NPbM8uQggGThAmfbgXVf+rcbfVPS3NbBtSQW6zA0kT1T8TWBEUUL0oj1ianvh2jeNmox7U5uTFI3CU+qqCOy6C2giEYWAK46pnU3C4v18IVi9W/7m0pM7RJXVLcTSoXPGAZmaOtnwzF32bpBp0D2e4WSR5eygwskXlMTqK4K5TSGMjzgz5FppXKVhVdxdA5MDZXuBNM5cifjMitMdojdZWrM/wo6JKTkRXbzHtKNq92J2qmywReEqejAL8ZdQ==
register_count 4
register_count 4
ret 1
ret value = { "tag": "response", "value": "yes"  }
+++++++ Waiting for new connection ++++++++

POST body: qR5l4yyUfm3c98vEwZDyQq7M2mFmH0rPMn+BUGxKjFi4NdENTmAknhSZXwZjxjT5pYkjtVOD8mt0fi5O5XUAEsm03lFqYh2Yg00DWVkRMSoEq4lclDkG6xlsXuiONr5gn6tWjM4359t+A/qnAgjR7+xV/pR0qXJWQrdVRvH1UbGV48qlWFwqicCtByLytvTxURxsVUDoq0hGktXlUWr4ksrPGfoBTQpN4sdiIF6PnJdaTp4d3zJ394GMJZSqopSlcGH8+bCmlDuGKUaO9llfXnYOE9Yb9TEU8SVm3/rFAZwoacVwQ3sue10FRH90hwqN1uhNzYqY4pWP6HH4JvgsIgDN905E4Zpn8wxig==
ret value = { "tag": "response", "value": "yes"  }
+++++++ Waiting for new connection ++++++++

POST body: qR5l4yyUfm3c98vEwZDyQq7M2mFmH0rPMn+BUGxKjFi4NdENTmAknhSZXwZjxjT5pYkjtVOD8mt0fi5O5XUAEsm03lFqYh2Yg00DWVkRMSoEq4lclDkG6xlsXuiONr5gn6tWjM4359t+A/qnAgjR7+xV/pR0qXJWQrdVRvH1UbGV48qlWFwqicCtByLytvTxURxsVUDoq0hGktXlUWr4ksrPGfoBTQpN4sdiIF6PnJdaTp4d3zJ394GMJZSqopSlcGH8+bCmlDuGKUaO9llfXnYOE9Yb9TEU8SVm3/rFAZwoacVwQ3sue10FRH90hwqN1uhNzYqY4pWP6HH4JvgsIgDN905E4Zpn8wxig==
register_count 5
register_count 5
ret 1
ret value = { "tag": "response", "value": "yes"  }
+++++++ Waiting for new connection ++++++++

POST body: qR5l4yyUfm3c98vEwZDyQq7M2mFmH0rPMn+BUGxKjFi4NdENTmAknhSZXwZjxjT5pYkjtVOD8mt0fi5O5XUAEsm03lFqYh2Yg00DWVkRMSoEq4lclDkG6xlsXuiONr5gn6tWjM4359t+A/qnAgjR7+xV/pR0qXJWQrdVRvH1UbGV48qlWFwqicCtByLytvTxURxsVUDoq0hGktXlUWr4ksrPGfoBTQpN4sdiIF6PnJdaTp4d3zJ394GMJZSqopSlcGH8+bCmlDuGKUaO9llfXnYOE9Yb9TEU8SVm3/rFAZwoacVwQ3sue10FRH90hwqN1uhNzYqY4pWP6HH4JvgsIgDN905E4Zpn8wxig==
register_count 4
register_count 4
ret 1
ret value = { "tag": "response", "value": "yes"  }
+++++++ Waiting for new connection ++++++++

POST body: qR5l4yyUfm3c98vEwZDyQq7M2mFmH0rPMn+BUGxKjFi4NdENTmAknhSZXwZjxjT5pYkjtVOD8mt0fi5O5XUAEsm03lFqYh2Yg00DWVkRMSoEq4lclDkG6xlsXuiONr5gn6tWjM4359t+A/qnAgjR7+xV/pR0qXJWQrdVRvH1UbGV48qlWFwqicCtByLytvTxURxsVUDoq0hGktXlUWr4ksrPGfoBTQpN4sdiIF6PnJdaTp4d3zJ394GMJZSqopSlcGH8+bCmlDuGKUaO9llfXnYOE9Yb9TEU8SVm3/rFAZwoacVwQ3sue10FRH90hwqN1uhNzYqY4pWP6HH4JvgsIgDN905E4Zpn8wxig==
register_count 3
register_count 3
ret 1
ret value = { "tag": "response", "value": "yes"  }
+++++++ Waiting for new connection ++++++++

POST body: qR5l4yyUfm3c98vEwZDyQq7M2mFmH0rPMn+BUGxKjFi4NdENTmAknhSZXwZjxjT5pYkjtVOD8mt0fi5O5XUAEsm03lFqYh2Yg00DWVkRMSoEq4lclDkG6xlsXuiONr5gn6tWjM4359t+A/qnAgjR7+xV/pR0qXJWQrdVRvH1UbGV48qlWFwqicCtByLytvTxURxsVUDoq0hGktXlUWr4ksrPGfoBTQpN4sdiIF6PnJdaTp4d3zJ394GMJZSqopSlcGH8+bCmlDuGKUaO9llfXnYOE9Yb9TEU8SVm3/rFAZwoacVwQ3sue10FRH90hwqN1uhNzYqY4pWP6HH4JvgsIgDN905E4Zpn8wxig==
